2018-09-26 21:39:32,381 ERROR - GetMoneda 
2018-09-26 21:39:58,077 ERROR - GetMoneda 
2018-10-01 16:42:54,061 ERROR - GetUsuarioByCode ERROR Sintaxis incorrecta cerca de la palabra clave 'where'.
2018-10-01 16:44:46,365 ERROR - GetUsuarioByCode ERROR Object reference not set to an instance of an object.
2018-10-01 17:02:46,782 ERROR - GetUsuarioByCode SQL SELECT U.CODIGO, U.NOMBRE FROM FBS_SEGURIDADES.USUARIO U JOIN FBS_SEGURIDADES.USUARIO_COMPLEMENTO UC on u.CODIGO = uc.CODIGOUSUARIO where u.CODIGO = 'ADMIN123456789' AND UC.CLAVE = '16530F38D48397A69B2183819B75B9BDEE0297B7'
2018-10-05 15:01:11,068 ERROR - SaveTransaccion CON19 movimientoimpresion MESSAGE An error occurred while updating the entries. See the inner exception for details.
2018-10-05 15:15:49,378 ERROR - SaveTransaccion CON20 MovimientodetalleCuentaCheque MESSAGE The instance of entity type 'MovimientodetalleCuenta' cannot be tracked because another instance with the same key value for {'Secuencialmovimientodetalle'} is already being tracked. When attaching existing entities, ensure that only one entity instance with a given key value is attached. Consider using 'DbContextOptionsBuilder.EnableSensitiveDataLogging' to see the conflicting key values.
2018-10-05 15:25:47,182 ERROR - SaveTransaccion CON20 MovimientodetalleCuentaCheque MESSAGE The instance of entity type 'MovimientodetalleCuenta' cannot be tracked because another instance with the same key value for {'Secuencialmovimientodetalle'} is already being tracked. When attaching existing entities, ensure that only one entity instance with a given key value is attached. Consider using 'DbContextOptionsBuilder.EnableSensitiveDataLogging' to see the conflicting key values.
2018-10-08 16:24:12,612 ERROR - GetBancos, ERROR 1
2018-10-08 16:24:34,359 ERROR - GetBancos, ERROR 2
2018-10-08 16:24:35,384 ERROR - GetBancos, ERROR 3
2018-10-08 16:24:35,619 ERROR - GetBancos, ERROR 4
2018-10-08 16:24:35,882 ERROR - GetBancos, ERROR 5
2018-10-08 16:24:36,070 ERROR - GetBancos, ERROR 6
2018-10-08 16:24:36,225 ERROR - GetBancos, ERROR 7
2018-10-08 16:24:36,231 ERROR - GetBancos, ERROR 8
2018-10-08 16:24:36,365 ERROR - GetBancos, ERROR 9
2018-10-08 16:24:36,482 ERROR - GetBancos, ERROR 10
2018-10-08 16:24:36,611 ERROR - GetBancos, ERROR 11
2018-10-08 16:24:36,766 ERROR - GetBancos, ERROR 12
2018-10-08 16:24:36,824 ERROR - GetBancos, ERROR 12
2018-10-08 16:24:36,922 ERROR - GetBancos, ERROR 13
2018-10-08 16:24:36,954 ERROR - GetBancos, ERROR 14
2018-10-08 16:24:37,072 ERROR - GetBancos, ERROR 15
2018-10-08 16:24:37,137 ERROR - GetBancos, ERROR 16
2018-10-08 16:24:37,190 ERROR - GetBancos, ERROR 30
2018-10-15 23:47:49,119 ERROR - SaveTransaccion CON28 Registrocontable Error: Object reference not set to an instance of an object.
2018-10-15 23:56:15,108 ERROR - SaveTransaccion CON28 Registrocontable Error: Object reference not set to an instance of an object.
2018-10-16 00:25:14,397 ERROR - SaveTransaccion CON21 ventanilla - Efecivo Error: An error occurred while updating the entries. See the inner exception for details.
2018-10-16 00:26:13,226 ERROR - SaveTransaccion CON21 ventanilla - Efecivo Error: An error occurred while updating the entries. See the inner exception for details.
2018-10-16 00:31:52,092 ERROR - SaveTransaccion CON21 ventanilla - Efecivo Error: An error occurred while updating the entries. See the inner exception for details.
2018-10-16 00:33:33,974 ERROR - SaveTransaccion CON21 ventanilla - Efecivo Error: An error occurred while updating the entries. See the inner exception for details.
2018-10-16 03:02:41,176 ERROR - SaveTransaccion CON26 ventanillacomponente - Efectivo Error: An error occurred while updating the entries. See the inner exception for details.
2018-10-17 20:28:09,499 ERROR - SaveTransaccion CON27 MovimientoventanillacompCaja - efectivo Error: An error occurred while updating the entries. See the inner exception for details.
2018-10-17 20:29:42,958 ERROR - SaveTransaccion CON27 MovimientoventanillacompCaja - efectivo Error: An error occurred while updating the entries. See the inner exception for details.
2018-10-17 20:43:46,884 ERROR - SaveTransaccion CON28 RegistrocontableCheque Error: An error occurred while updating the entries. See the inner exception for details.
2018-10-17 20:55:28,541 ERROR - SaveTransaccion CON29 Cheque Error: An error occurred while updating the entries. See the inner exception for details.
2018-10-17 20:56:21,344 ERROR - SaveTransaccion CON29 Cheque Error: An error occurred while updating the entries. See the inner exception for details.
2018-10-17 23:10:57,263 ERROR - SaveTransaccion CON28 Registrocontable Error: Object reference not set to an instance of an object.
2018-10-22 23:18:43,649 ERROR - SaveTransaccion CON14 CuentacomponenteVistaEfectivo Error: Input string was not in a correct format.
2018-11-17 23:35:28,816 ERROR - ultimo saldo 2729,53
2018-11-17 23:35:28,891 ERROR - saldo mas monto transaccion 4729,53
2018-11-21 08:36:37,011 ERROR - ultimo saldo 4729,53
2018-11-21 08:36:37,079 ERROR - saldo mas monto transaccion 6739,53
2018-11-21 20:59:17,921 ERROR - ultimo saldo 6739,53
2018-11-21 20:59:18,008 ERROR - saldo mas monto transaccion 6839,53
2018-11-26 12:44:54,353 ERROR - ultimo saldo 110,00
2018-11-26 12:44:54,409 ERROR - saldo mas monto transaccion 1110,00
2018-11-26 12:50:33,922 ERROR - SaveTransaccion CON28 Registrocontable Error: Object reference not set to an instance of an object.
2018-11-26 12:50:58,494 ERROR - ultimo saldo 110,00
2018-11-26 12:50:58,518 ERROR - saldo mas monto transaccion 1110,00
2018-11-26 12:53:20,596 ERROR - SaveTransaccion CON28 Registrocontable Error: Object reference not set to an instance of an object.
2018-11-26 12:54:59,380 ERROR - ultimo saldo 110,00
2018-11-26 12:54:59,412 ERROR - saldo mas monto transaccion 1110,00
2018-11-26 13:00:24,407 ERROR - ultimo saldo 110,00
2018-11-26 13:00:24,454 ERROR - saldo mas monto transaccion 1110,00
2018-11-26 21:46:28,750 ERROR - ultimo saldo 1110,00
2018-11-26 21:46:28,805 ERROR - saldo mas monto transaccion 2110,00
2018-11-26 21:52:52,896 ERROR - ultimo saldo 2110,00
2018-11-26 21:52:52,906 ERROR - saldo mas monto transaccion 2190,00
2018-11-26 21:56:49,880 ERROR - ultimo saldo 2110,00
2018-11-26 21:56:49,927 ERROR - saldo mas monto transaccion 2170,00
2018-12-07 17:14:53,406 ERROR - SaveTransaccion CON 10 Movimiento Error: An error occurred while updating the entries. See the inner exception for details.
2018-12-07 17:15:42,029 ERROR - SaveTransaccion CON 10 Movimiento Error: An error occurred while updating the entries. See the inner exception for details.
2018-12-07 17:22:38,352 ERROR - SaveTransaccion CON 10 Movimiento Error: An error occurred while updating the entries. See the inner exception for details.
2018-12-07 17:28:23,580 ERROR - SaveTransaccion CON 10 Movimiento Error: An error occurred while updating the entries. See the inner exception for details.
2018-12-07 17:35:01,111 ERROR - SaveTransaccion CON 10 Movimiento Error: An error occurred while updating the entries. See the inner exception for details.
2018-12-07 17:35:58,743 ERROR - ultimo saldo 6839,53
2018-12-07 17:35:58,764 ERROR - saldo mas monto transaccion 6949,53
2018-12-07 17:42:31,704 ERROR - ultimo saldo 6839,53
2018-12-07 17:42:31,801 ERROR - saldo mas monto transaccion 6949,53
2018-12-13 08:51:44,564 ERROR - ultimo saldo 6949,53
2018-12-13 08:51:44,830 ERROR - saldo mas monto transaccion 7059,53
